<?xml version="1.0" ?>
<testsuite name="CalculatorTest-20241112090630" tests="13" time="0.000" failures="0" errors="0">
	<testcase classname="CalculatorTest" name="test_add" time="0.000"/>
	<testcase classname="CalculatorTest" name="test_divide" time="0.000"/>
	<testcase classname="CalculatorTest" name="test_divide_by_zero" time="0.000"/>
	<testcase classname="CalculatorTest" name="test_last_answer_init" time="0.000"/>
	<testcase classname="CalculatorTest" name="test_max_equals" time="0.000"/>
	<testcase classname="CalculatorTest" name="test_maximum_greater" time="0.000"/>
	<testcase classname="CalculatorTest" name="test_maximum_lesser" time="0.000"/>
	<testcase classname="CalculatorTest" name="test_minimum_equal" time="0.000"/>
	<testcase classname="CalculatorTest" name="test_minimum_greater" time="0.000"/>
	<testcase classname="CalculatorTest" name="test_minimum_lesser" time="0.000"/>
	<testcase classname="CalculatorTest" name="test_multiply" time="0.000"/>
	<testcase classname="CalculatorTest" name="test_subtract" time="0.000"/>
	<testcase classname="CalculatorTest" name="test_subtract_negative" time="0.000"/>
	<system-out><![CDATA[]]></system-out>
	<system-err><![CDATA[]]></system-err>
</testsuite>
